<?xml version="1.0" encoding="UTF-8"?>
<!-- Generated by org.testng.reporters.JUnitXMLReporter -->
<testsuite ignored="0" hostname="LAPTOP-B8EOM3LC" failures="0" tests="10" name="Test" time="18.082" errors="0" timestamp="2022-10-17T00:31:00 IST">
  <testcase classname="testClasses.VerifyUserCanLogin" name="VerifyUserCanLogIn" time="2.307"/>
  <testcase classname="testClasses.VerifyUserCanGetLowestPriceProduct" name="verifyUserAbleToSearchProduct" time="1.087"/>
  <testcase classname="testClasses.VerifyUserCanGetLowestPriceProduct" name="getLowestPriceofProductFromEachPage" time="3.572"/>
  <testcase classname="testClasses.VerifyUserCanAddNewAddresses" name="verifyUserCanOpenProfilePage" time="0.251"/>
  <testcase classname="testClasses.VerifyUserCanAddNewAddresses" name="verifyUserIsOnProfilPage" time="0.227"/>
  <testcase classname="testClasses.VerifyUserCanAddNewAddresses" name="addAddress" time="0.119"/>
  <testcase classname="testClasses.VerifyUserCanAddNewAddresses" name="verifyUserAbleToAddAddress" time="0.838"/>
  <testcase classname="testClasses.VerifyUserCanAddNewAddresses" name="verifyUserAbleToAddAddress" time="0.669"/>
  <testcase classname="testClasses.VerifyUserCanAddNewAddresses" name="verifyUserAbleToAddAddress" time="0.493"/>
  <testcase classname="testClasses.VerifyUserCanAddNewAddresses" name="verifyUserAbleToAddAddress" time="0.668"/>
</testsuite> <!-- Test -->
